<?xml version="1.0" encoding="UTF-8"?>
<!-- Generated by org.testng.reporters.JUnitReportReporter -->
<testsuite hostname="Tohidurs-Air" failures="0" tests="4" name="com.qa.TestCases.LoginPageTest" time="41.170" errors="0" timestamp="2022-08-19T15:34:09 BST" skipped="0">
  <testcase classname="com.qa.TestCases.LoginPageTest" name="checkemaiIdField" time="14.581"/>
  <system-out/>
  <testcase classname="com.qa.TestCases.LoginPageTest" name="clickonContinueBtn" time="10.058"/>
  <system-out/>
  <testcase classname="com.qa.TestCases.LoginPageTest" name="clickonContinueBtn" time="9.175"/>
  <system-out/>
  <testcase classname="com.qa.TestCases.LoginPageTest" name="checkemaiIdField" time="7.356"/>
  <system-out/>
</testsuite> <!-- com.qa.TestCases.LoginPageTest -->
