<?xml version="1.0" encoding="UTF-8"?>
<!-- Generated by org.testng.reporters.JUnitReportReporter -->
<testsuite hostname="Tohidurs-Air" failures="0" tests="1" name="com.qa.TestCases.LoginPageTest" time="15.464" errors="0" timestamp="2022-08-17T14:57:45 BST" skipped="0">
  <testcase classname="com.qa.TestCases.LoginPageTest" name="checkemaiIdField" time="15.464"/>
  <system-out/>
</testsuite> <!-- com.qa.TestCases.LoginPageTest -->
