<?xml version="1.0" encoding="UTF-8"?>
<!-- Generated by org.testng.reporters.JUnitReportReporter -->
<testsuite hostname="Tohidurs-Air" failures="0" tests="4" name="com.qa.TestCases.LoginPageTest" time="98.687" errors="0" timestamp="2022-08-19T16:37:58 BST" skipped="0">
  <testcase classname="com.qa.TestCases.LoginPageTest" name="checkemaiIdField" time="21.751"/>
  <system-out/>
  <testcase classname="com.qa.TestCases.LoginPageTest" name="clickonContinueBtn" time="29.051"/>
  <system-out/>
  <testcase classname="com.qa.TestCases.LoginPageTest" name="checkemaiIdField" time="27.696"/>
  <system-out/>
  <testcase classname="com.qa.TestCases.LoginPageTest" name="clickonContinueBtn" time="20.189"/>
  <system-out/>
</testsuite> <!-- com.qa.TestCases.LoginPageTest -->
